<?xml version="1.0" encoding="UTF-8"?>
<testsuite xmlns:xsi="http://www.w3.org/2001/XMLSchema-instance" xsi:noNamespaceSchemaLocation="https://maven.apache.org/surefire/maven-surefire-plugin/xsd/surefire-test-report-3.0.xsd" version="3.0" name="com.example.TripBuddy.TripBuddyApplicationTests" time="3.09" tests="1" errors="0" skipped="0" failures="0">
  <properties>
[...]
</properties>
  <testcase name="contextLoads" classname="com.example.TripBuddy.TripBuddyApplicationTests" time="0.931">
    <system-out><![CDATA[00:58:57.765 [main] INFO org.springframework.test.context.support.AnnotationConfigContextLoaderUtils -- Could not detect default configuration classes for test class [com.example.TripBuddy.TripBuddyApplicationTests]: TripBuddyApplicationTests does not declare any static, non-private, non-final, nested classes annotated with @Configuration.
00:58:57.879 [main] INFO org.springframework.boot.test.context.SpringBootTestContextBootstrapper -- Found @SpringBootConfiguration com.example.TripBuddy.TripBuddyApplication for test class com.example.TripBuddy.TripBuddyApplicationTests
00:58:58.084 [main] INFO org.springframework.boot.devtools.restart.RestartApplicationListener -- Restart disabled due to context in which it is running

  .   ____          _            __ _ _
 /\\ / ___'_ __ _ _(_)_ __  __ _ \ \ \ \
( ( )\___ | '_ | '_| | '_ \/ _` | \ \ \ \
 \\/  ___)| |_)| | | | | || (_| |  ) ) ) )
  '  |____| .__|_| |_|_| |_\__, | / / / /
 =========|_|==============|___/=/_/_/_/
 :: Spring Boot ::                (v3.2.0)

2024-01-08T00:58:58.315Z  WARN 10052 --- [           main] ory$DuplicateJsonObjectContextCustomizer : 

Found multiple occurrences of org.json.JSONObject on the class path:

	jar:file:/C:/Users/Jed/.m2/repository/com/vaadin/external/google/android-json/0.0.20131108.vaadin1/android-json-0.0.20131108.vaadin1.jar!/org/json/JSONObject.class
	jar:file:/C:/Users/Jed/.m2/repository/org/json/json/20231013/json-20231013.jar!/org/json/JSONObject.class

You may wish to exclude one of them to ensure predictable runtime behavior

2024-01-08T00:58:58.332Z  INFO 10052 --- [           main] c.e.TripBuddy.TripBuddyApplicationTests  : Starting TripBuddyApplicationTests using Java 17.0.8.1 with PID 10052 (started by Jed in C:\Users\Jed\SynologyDrive\University\Year 3\Service Centric & Cloud Computing\workspace-spring-tool-suite-4-4.20.1.RELEASE\TripBuddy)
2024-01-08T00:58:58.337Z  INFO 10052 --- [           main] c.e.TripBuddy.TripBuddyApplicationTests  : No active profile set, falling back to 1 default profile: "default"
2024-01-08T00:58:59.414Z  INFO 10052 --- [           main] o.s.b.a.w.s.WelcomePageHandlerMapping    : Adding welcome page: class path resource [static/index.html]
2024-01-08T00:58:59.742Z  INFO 10052 --- [           main] c.e.TripBuddy.TripBuddyApplicationTests  : Started TripBuddyApplicationTests in 1.671 seconds (process running for 2.688)
]]></system-out>
  </testcase>
</testsuite>